\BOOKMARK [1][-]{section.1}{Introduction}{}% 1
\BOOKMARK [1][-]{section.2}{Data and Sample}{}% 2
\BOOKMARK [2][-]{subsection.2.1}{Inside-IFU Sample}{section.2}% 3
\BOOKMARK [2][-]{subsection.2.2}{Outside-IFU Sample}{section.2}% 4
\BOOKMARK [2][-]{subsection.2.3}{Control Sample}{section.2}% 5
\BOOKMARK [1][-]{section.3}{Radial Profiles of Star Formation}{}% 6
\BOOKMARK [2][-]{subsection.3.1}{Emission Line Extraction}{section.3}% 7
\BOOKMARK [2][-]{subsection.3.2}{Star Formation Rate}{section.3}% 8
\BOOKMARK [2][-]{subsection.3.3}{Geometry of Galaxies}{section.3}% 9
\BOOKMARK [2][-]{subsection.3.4}{Radial Profiles}{section.3}% 10
\BOOKMARK [1][-]{section.4}{Results}{}% 11
\BOOKMARK [2][-]{subsection.4.1}{Star Formation Enhancement}{section.4}% 12
\BOOKMARK [3][-]{subsubsection.4.1.1}{Mass-Binned Difference Profiles}{subsection.4.1}% 13
\BOOKMARK [3][-]{subsubsection.4.1.2}{Tailored-Controls Difference Profiles}{subsection.4.1}% 14
\BOOKMARK [2][-]{subsection.4.2}{Future Mass Growth}{section.4}% 15
\BOOKMARK [1][-]{section.5}{Discussion}{}% 16
\BOOKMARK [2][-]{subsection.5.1}{Dependency on Mass Ratio}{section.5}% 17
\BOOKMARK [2][-]{subsection.5.2}{Dependency on Projected Separation}{section.5}% 18
\BOOKMARK [2][-]{subsection.5.3}{Comparison with Previous Works}{section.5}% 19
\BOOKMARK [1][-]{section.6}{Summary and Conclusion}{}% 20
