\BOOKMARK [1][-]{section*.1}{ABSTRACT}{section*.2}% 1
\BOOKMARK [1][-]{section.1}{Introduction}{}% 2
\BOOKMARK [1][-]{section.2}{Data and Samples}{}% 3
\BOOKMARK [2][-]{subsection.2.1}{Spectral Fitting}{section.2}% 4
\BOOKMARK [2][-]{subsection.2.2}{Selecting Star Forming Galaxies}{section.2}% 5
\BOOKMARK [2][-]{subsection.2.3}{Inside-IFU Sample}{section.2}% 6
\BOOKMARK [2][-]{subsection.2.4}{Outside-IFU Sample}{section.2}% 7
\BOOKMARK [2][-]{subsection.2.5}{Control Sample}{section.2}% 8
\BOOKMARK [1][-]{section.3}{Analysis Methods}{}% 9
\BOOKMARK [2][-]{subsection.3.1}{Specific Star Formation Rate}{section.3}% 10
\BOOKMARK [2][-]{subsection.3.2}{Radial Profiles}{section.3}% 11
\BOOKMARK [1][-]{section.4}{Results}{}% 12
\BOOKMARK [2][-]{subsection.4.1}{Star Formation Enhancement}{section.4}% 13
\BOOKMARK [3][-]{subsubsection.4.1.1}{Mass-Binned Difference Profiles}{subsection.4.1}% 14
\BOOKMARK [3][-]{subsubsection.4.1.2}{Tailored-Controls Difference Profiles}{subsection.4.1}% 15
\BOOKMARK [2][-]{subsection.4.2}{Dependency on Mass Ratio}{section.4}% 16
\BOOKMARK [2][-]{subsection.4.3}{Dependency on Projected Separation}{section.4}% 17
\BOOKMARK [1][-]{section.5}{Discussion}{}% 18
\BOOKMARK [2][-]{subsection.5.1}{Radial Profiles of Enhancement}{section.5}% 19
\BOOKMARK [2][-]{subsection.5.2}{Central Enhancement vs. Merger Parameters}{section.5}% 20
\BOOKMARK [2][-]{subsection.5.3}{Comparison with Simulations}{section.5}% 21
\BOOKMARK [1][-]{section.6}{Summary and Conclusion}{}% 22
